c:\users\bragas-pc\desktop\studwork\3k\carmanager\carmanager\carmanager.logic\debug\carmanager.logic.pch
c:\users\bragas-pc\desktop\studwork\3k\carmanager\carmanager\carmanager.logic\debug\vc141.pdb
c:\users\bragas-pc\desktop\studwork\3k\carmanager\carmanager\carmanager.logic\debug\stdafx.obj
c:\users\bragas-pc\desktop\studwork\3k\carmanager\carmanager\carmanager.logic\debug\person.obj
c:\users\bragas-pc\desktop\studwork\3k\carmanager\carmanager\carmanager.logic\debug\carservice.obj
c:\users\bragas-pc\desktop\studwork\3k\carmanager\carmanager\carmanager.logic\debug\carnumber.obj
c:\users\bragas-pc\desktop\studwork\3k\carmanager\carmanager\carmanager.logic\debug\carmanager.logic.obj
c:\users\bragas-pc\desktop\studwork\3k\carmanager\carmanager\carmanager.logic\debug\car.obj
c:\users\bragas-pc\desktop\studwork\3k\carmanager\carmanager\carmanager.logic\debug\assemblyinfo.obj
c:\users\bragas-pc\desktop\studwork\3k\carmanager\carmanager\carmanager.logic\debug\.netframework,version=v4.5.assemblyattributes.obj
c:\users\bragas-pc\desktop\studwork\3k\carmanager\carmanager\carmanager.logic\debug\.netframework,version=v4.5.assemblyattributes.asm
c:\users\bragas-pc\desktop\studwork\3k\carmanager\carmanager\debug\carmanager.logic.dll
c:\users\bragas-pc\desktop\studwork\3k\carmanager\carmanager\debug\carmanager.logic.pdb
c:\users\bragas-pc\desktop\studwork\3k\carmanager\carmanager\carmanager.logic\debug\app.res
c:\users\bragas-pc\desktop\studwork\3k\carmanager\carmanager\carmanager.logic\debug\carmanager.logic.vcxprojresolveassemblyreference.cache
c:\users\bragas-pc\desktop\studwork\3k\carmanager\carmanager\carmanager.logic\debug\carmanager.logic.tlog\cl.command.1.tlog
c:\users\bragas-pc\desktop\studwork\3k\carmanager\carmanager\carmanager.logic\debug\carmanager.logic.tlog\cl.read.1.tlog
c:\users\bragas-pc\desktop\studwork\3k\carmanager\carmanager\carmanager.logic\debug\carmanager.logic.tlog\cl.write.1.tlog
c:\users\bragas-pc\desktop\studwork\3k\carmanager\carmanager\carmanager.logic\debug\carmanager.logic.tlog\link.command.1.tlog
c:\users\bragas-pc\desktop\studwork\3k\carmanager\carmanager\carmanager.logic\debug\carmanager.logic.tlog\link.read.1.tlog
c:\users\bragas-pc\desktop\studwork\3k\carmanager\carmanager\carmanager.logic\debug\carmanager.logic.tlog\link.write.1.tlog
c:\users\bragas-pc\desktop\studwork\3k\carmanager\carmanager\carmanager.logic\debug\carmanager.logic.tlog\metagen.read.1.tlog
c:\users\bragas-pc\desktop\studwork\3k\carmanager\carmanager\carmanager.logic\debug\carmanager.logic.tlog\metagen.write.1.tlog
c:\users\bragas-pc\desktop\studwork\3k\carmanager\carmanager\carmanager.logic\debug\carmanager.logic.tlog\rc.command.1.tlog
c:\users\bragas-pc\desktop\studwork\3k\carmanager\carmanager\carmanager.logic\debug\carmanager.logic.tlog\rc.read.1.tlog
c:\users\bragas-pc\desktop\studwork\3k\carmanager\carmanager\carmanager.logic\debug\carmanager.logic.tlog\rc.write.1.tlog
c:\users\bragas-pc\desktop\studwork\3k\carmanager\carmanager\carmanager.logic\debug\carmanager.logic.tlog\tzres.dll.bi
