c:\users\bragas-pc\desktop\studwork\3k\carmanager\carmanager\carmanager.windowsformsui\debug\carmanagerwindowsformsui.createcarform.resources
c:\users\bragas-pc\desktop\studwork\3k\carmanager\carmanager\carmanager.windowsformsui\debug\carmanagerwindowsformsui.mainform.resources
c:\users\bragas-pc\desktop\studwork\3k\carmanager\carmanager\carmanager.windowsformsui\debug\vc120.pdb
c:\users\bragas-pc\desktop\studwork\3k\carmanager\carmanager\carmanager.windowsformsui\debug\sortbymodelorderprovider.obj
c:\users\bragas-pc\desktop\studwork\3k\carmanager\carmanager\carmanager.windowsformsui\debug\quicksorter.obj
c:\users\bragas-pc\desktop\studwork\3k\carmanager\carmanager\carmanager.windowsformsui\debug\mainform.obj
c:\users\bragas-pc\desktop\studwork\3k\carmanager\carmanager\carmanager.windowsformsui\debug\havenoinspectionthisyear.obj
c:\users\bragas-pc\desktop\studwork\3k\carmanager\carmanager\carmanager.windowsformsui\debug\createcarform.obj
c:\users\bragas-pc\desktop\studwork\3k\carmanager\carmanager\carmanager.windowsformsui\debug\carmanager.windowsformsui.obj
c:\users\bragas-pc\desktop\studwork\3k\carmanager\carmanager\carmanager.windowsformsui\debug\camelcasetextformatter.obj
c:\users\bragas-pc\desktop\studwork\3k\carmanager\carmanager\carmanager.windowsformsui\debug\bymodelfilter.obj
c:\users\bragas-pc\desktop\studwork\3k\carmanager\carmanager\carmanager.windowsformsui\debug\bymodelcarcomparer.obj
c:\users\bragas-pc\desktop\studwork\3k\carmanager\carmanager\carmanager.windowsformsui\debug\.netframework,version=v4.5.assemblyattributes.obj
c:\users\bragas-pc\desktop\studwork\3k\carmanager\carmanager\debug\carmanager.windowsformsui.exe
c:\users\bragas-pc\desktop\studwork\3k\carmanager\carmanager\debug\carmanager.windowsformsui.pdb
c:\users\bragas-pc\desktop\studwork\3k\carmanager\carmanager\carmanager.windowsformsui\debug\carmanager.windowsformsui.vcxproj.generateresource.cache
c:\users\bragas-pc\desktop\studwork\3k\carmanager\carmanager\carmanager.windowsformsui\debug\carmanager.windowsformsui.vcxprojresolveassemblyreference.cache
c:\users\bragas-pc\desktop\studwork\3k\carmanager\carmanager\carmanager.windowsformsui\debug\carmanag.a53f31eb.tlog\carmanager.windowsformsui.write.1u.tlog
c:\users\bragas-pc\desktop\studwork\3k\carmanager\carmanager\carmanager.windowsformsui\debug\carmanag.a53f31eb.tlog\cl.command.1.tlog
c:\users\bragas-pc\desktop\studwork\3k\carmanager\carmanager\carmanager.windowsformsui\debug\carmanag.a53f31eb.tlog\cl.read.1.tlog
c:\users\bragas-pc\desktop\studwork\3k\carmanager\carmanager\carmanager.windowsformsui\debug\carmanag.a53f31eb.tlog\cl.write.1.tlog
c:\users\bragas-pc\desktop\studwork\3k\carmanager\carmanager\carmanager.windowsformsui\debug\carmanag.a53f31eb.tlog\link.command.1.tlog
c:\users\bragas-pc\desktop\studwork\3k\carmanager\carmanager\carmanager.windowsformsui\debug\carmanag.a53f31eb.tlog\link.read.1.tlog
c:\users\bragas-pc\desktop\studwork\3k\carmanager\carmanager\carmanager.windowsformsui\debug\carmanag.a53f31eb.tlog\link.write.1.tlog
c:\users\bragas-pc\desktop\studwork\3k\carmanager\carmanager\carmanager.windowsformsui\debug\carmanag.a53f31eb.tlog\metagen.read.1.tlog
c:\users\bragas-pc\desktop\studwork\3k\carmanager\carmanager\carmanager.windowsformsui\debug\carmanag.a53f31eb.tlog\metagen.write.1.tlog
c:\users\bragas-pc\desktop\studwork\3k\carmanager\carmanager\carmanager.windowsformsui\debug\carmanag.a53f31eb.tlog\tzres.dll.bi
